[Tue Nov 19 22:59:41 2024
] WinSock initialized successfully
[Tue Nov 19 22:59:41 2024
] Socket created successfully
[Tue Nov 19 22:59:41 2024
] Connected to server successfully
[Tue Nov 19 22:59:41 2024
] Sending Ping...
[Tue Nov 19 22:59:41 2024
] Ping sent successfully
[Tue Nov 19 22:59:41 2024
] Sending TestMessageServer...
[Tue Nov 19 22:59:41 2024
] TestMessageServer sent successfully
[Tue Nov 19 22:59:41 2024
] Socket closed successfully
[Tue Nov 19 22:59:41 2024
] WinSock cleaned up
[Tue Nov 19 23:00:26 2024
] WinSock initialized successfully
[Tue Nov 19 23:00:26 2024
] Socket created successfully
[Tue Nov 19 23:00:47 2024
] Connection failed
[Tue Nov 19 23:01:05 2024
] WinSock initialized successfully
[Tue Nov 19 23:01:05 2024
] Socket created successfully
[Tue Nov 19 23:01:05 2024
] Connected to server successfully
[Tue Nov 19 23:01:05 2024
] Sending Ping...
[Tue Nov 19 23:01:05 2024
] Ping sent successfully
[Tue Nov 19 23:01:05 2024
] Sending TestMessageServer...
[Tue Nov 19 23:01:05 2024
] TestMessageServer sent successfully
[Tue Nov 19 23:01:05 2024
] Socket closed successfully
[Tue Nov 19 23:01:05 2024
] WinSock cleaned up
[Tue Nov 19 23:04:19 2024] WinSock initialized successfully
[Tue Nov 19 23:04:19 2024] Socket created successfully
[Tue Nov 19 23:04:19 2024] Connected to server successfully
[Tue Nov 19 23:04:19 2024] Sending Ping...
[Tue Nov 19 23:04:19 2024] Ping sent successfully
[Tue Nov 19 23:04:19 2024] Sending TestMessageServer...
[Tue Nov 19 23:04:19 2024] TestMessageServer sent successfully
[Tue Nov 19 23:04:19 2024] Socket closed successfully
[Tue Nov 19 23:04:19 2024] WinSock cleaned up
[Tue Nov 19 23:19:47 2024] WinSock initialized successfully
[Tue Nov 19 23:19:47 2024] Socket created successfully
[Tue Nov 19 23:19:47 2024] Connected to server successfully
[Tue Nov 19 23:19:47 2024] Sending Ping...
[Tue Nov 19 23:19:47 2024] Ping sent successfully
[Tue Nov 19 23:19:47 2024] Sending TestMessageServer...
[Tue Nov 19 23:19:47 2024] TestMessageServer sent successfully
[Tue Nov 19 23:19:47 2024] Socket closed successfully
[Tue Nov 19 23:19:47 2024] WinSock cleaned up
[Tue Nov 19 23:24:33 2024] WinSock initialized successfully
[Tue Nov 19 23:24:33 2024] Socket created successfully
[Tue Nov 19 23:24:33 2024] Connected to server successfully
[Tue Nov 19 23:24:33 2024] Sending Ping...
[Tue Nov 19 23:24:33 2024] Ping sent successfully
[Tue Nov 19 23:24:33 2024] Sending TestMessageServer...
[Tue Nov 19 23:24:33 2024] TestMessageServer sent successfully
[Tue Nov 19 23:24:33 2024] Socket closed successfully
[Tue Nov 19 23:24:33 2024] WinSock cleaned up
[Wed Nov 20 12:40:39 2024] WinSock initialized successfully
[Wed Nov 20 12:40:39 2024] Socket created successfully
[Wed Nov 20 12:40:39 2024] Connected to server successfully
[Wed Nov 20 12:40:39 2024] Sending Ping...
[Wed Nov 20 12:40:39 2024] Ping sent successfully
[Wed Nov 20 12:40:39 2024] Sending TestMessageServer...
[Wed Nov 20 12:40:39 2024] TestMessageServer sent successfully
[Wed Nov 20 12:40:39 2024] Socket closed successfully
[Wed Nov 20 12:40:39 2024] WinSock cleaned up
[Wed Nov 20 12:41:30 2024] WinSock initialized successfully
[Wed Nov 20 12:41:30 2024] Socket created successfully
[Wed Nov 20 12:41:30 2024] Connected to server successfully
[Wed Nov 20 12:41:30 2024] Sending Ping...
[Wed Nov 20 12:41:30 2024] Ping sent successfully
[Wed Nov 20 12:41:30 2024] Sending TestMessageServer...
[Wed Nov 20 12:41:30 2024] TestMessageServer sent successfully
[Wed Nov 20 12:41:30 2024] Socket closed successfully
[Wed Nov 20 12:41:30 2024] WinSock cleaned up
[Wed Nov 20 12:50:10 2024] WinSock initialized successfully
[Wed Nov 20 12:50:10 2024] Socket created successfully
[Wed Nov 20 12:50:10 2024] Connected to server successfully
[Wed Nov 20 12:50:10 2024] Sending Ping...
[Wed Nov 20 12:50:10 2024] Ping sent successfully
[Wed Nov 20 12:50:10 2024] Sending TestMessageServer...
[Wed Nov 20 12:50:10 2024] TestMessageServer sent successfully
[Wed Nov 20 12:50:11 2024] Socket closed successfully
[Wed Nov 20 12:50:11 2024] WinSock cleaned up
[Wed Nov 20 17:32:10 2024] WinSock initialized successfully
[Wed Nov 20 17:32:10 2024] Socket created successfully
[Wed Nov 20 17:32:10 2024] Connected to server successfully
[Wed Nov 20 17:32:10 2024] Sending Ping...
[Wed Nov 20 17:32:10 2024] Ping sent successfully
[Wed Nov 20 17:32:10 2024] Sending TestMessageServer...
[Wed Nov 20 17:32:10 2024] TestMessageServer sent successfully
[Wed Nov 20 17:32:10 2024] Socket closed successfully
[Wed Nov 20 17:32:10 2024] WinSock cleaned up
[Wed Nov 20 17:33:35 2024] WinSock initialized successfully
[Wed Nov 20 17:33:35 2024] Socket created successfully
[Wed Nov 20 17:33:35 2024] Connected to server successfully
[Wed Nov 20 17:33:35 2024] Sending Ping...
[Wed Nov 20 17:33:35 2024] Ping sent successfully
[Wed Nov 20 17:33:35 2024] Sending TestMessageServer...
[Wed Nov 20 17:33:35 2024] TestMessageServer sent successfully
[Wed Nov 20 17:33:35 2024] Socket closed successfully
[Wed Nov 20 17:33:35 2024] WinSock cleaned up
[Wed Nov 20 17:34:30 2024] WinSock initialized successfully
[Wed Nov 20 17:34:30 2024] Socket created successfully
[Wed Nov 20 17:34:30 2024] Connected to server successfully
[Wed Nov 20 17:34:30 2024] Sending Ping...
[Wed Nov 20 17:34:30 2024] Ping sent successfully
[Wed Nov 20 17:34:30 2024] Sending TestMessageServer...
[Wed Nov 20 17:34:30 2024] TestMessageServer sent successfully
[Wed Nov 20 17:34:31 2024] Socket closed successfully
[Wed Nov 20 17:34:31 2024] WinSock cleaned up
